<?xml version="1.0" encoding="UTF-8"?>
<!-- Generated by org.testng.reporters.JUnitReportReporter -->
<testsuite hostname="DESKTOP-91Q46ME" failures="3" tests="3" name="runner.Runner" time="31.628" errors="0" timestamp="2026-04-07T16:50:19 IST" skipped="0">
  <testcase classname="runner.Runner" name="runScenario" time="11.757">
    <failure message="expected [true] but found [false]" type="java.lang.AssertionError">
      <![CDATA[java.lang.AssertionError: expected [true] but found [false]
at org.testng.Assert.fail(Assert.java:111)
at org.testng.Assert.failNotEquals(Assert.java:1590)
at org.testng.Assert.assertTrue(Assert.java:57)
at org.testng.Assert.assertTrue(Assert.java:67)
at steps.DistrictStep.I_should_see_the_search_results_for(DistrictStep.java:45)
at ✽.I should see the search results for "<searchResult"(file:///C:/Users/QUIKCARE%20COMPUTERS/eclipse-workspace/Maven/src/test/resources/features/District.feature:22)
]]>
    </failure>
  </testcase> <!-- runScenario -->
  <testcase classname="runner.Runner" name="runScenario" time="9.139">
    <failure message="expected [true] but found [false]" type="java.lang.AssertionError">
      <![CDATA[java.lang.AssertionError: expected [true] but found [false]
at org.testng.Assert.fail(Assert.java:111)
at org.testng.Assert.failNotEquals(Assert.java:1590)
at org.testng.Assert.assertTrue(Assert.java:57)
at org.testng.Assert.assertTrue(Assert.java:67)
at steps.DistrictStep.I_should_see_the_search_results_for(DistrictStep.java:45)
at ✽.I should see the search results for "<searchResult"(file:///C:/Users/QUIKCARE%20COMPUTERS/eclipse-workspace/Maven/src/test/resources/features/District.feature:22)
]]>
    </failure>
  </testcase> <!-- runScenario -->
  <testcase classname="runner.Runner" name="runScenario" time="10.732">
    <failure message="expected [true] but found [false]" type="java.lang.AssertionError">
      <![CDATA[java.lang.AssertionError: expected [true] but found [false]
at org.testng.Assert.fail(Assert.java:111)
at org.testng.Assert.failNotEquals(Assert.java:1590)
at org.testng.Assert.assertTrue(Assert.java:57)
at org.testng.Assert.assertTrue(Assert.java:67)
at steps.DistrictStep.I_should_see_the_search_results_for(DistrictStep.java:45)
at ✽.I should see the search results for "<searchResult"(file:///C:/Users/QUIKCARE%20COMPUTERS/eclipse-workspace/Maven/src/test/resources/features/District.feature:22)
]]>
    </failure>
  </testcase> <!-- runScenario -->
</testsuite> <!-- runner.Runner -->
